  [1m[35m (1739.5ms)[0m  [1m[35mCREATE DATABASE "karaoke_stars_app_development" ENCODING = 'unicode'[0m
  [1m[35m (147.6ms)[0m  [1m[35mCREATE DATABASE "karaoke_stars_app_test" ENCODING = 'unicode'[0m
  [1m[35m (45.7ms)[0m  [1m[35mCREATE TABLE "schema_migrations" ("version" character varying NOT NULL PRIMARY KEY)[0m
  [1m[35m (42.8ms)[0m  [1m[35mCREATE TABLE "ar_internal_metadata" ("key" character varying NOT NULL PRIMARY KEY, "value" character varying, "created_at" timestamp(6) NOT NULL, "updated_at" timestamp(6) NOT NULL)[0m
  [1m[35m (0.2ms)[0m  [1m[34mSELECT pg_try_advisory_lock(7118765793557368230)[0m
  [1m[35m (0.5ms)[0m  [1m[34mSELECT "schema_migrations"."version" FROM "schema_migrations" ORDER BY "schema_migrations"."version" ASC[0m
Migrating to CreateSongs (20200527231316)
  [1m[35m (0.1ms)[0m  [1m[35mBEGIN[0m
  [1m[35m (43.4ms)[0m  [1m[35mCREATE TABLE "songs" ("id" bigserial primary key, "created_at" timestamp(6) NOT NULL, "updated_at" timestamp(6) NOT NULL)[0m
  [1m[36mprimary::SchemaMigration Create (0.6ms)[0m  [1m[32mINSERT INTO "schema_migrations" ("version") VALUES ($1) RETURNING "version"[0m  [["version", "20200527231316"]]
  [1m[35m (40.6ms)[0m  [1m[35mCOMMIT[0m
  [1m[36mActiveRecord::InternalMetadata Load (0.3ms)[0m  [1m[34mSELECT "ar_internal_metadata".* FROM "ar_internal_metadata" WHERE "ar_internal_metadata"."key" = $1 LIMIT $2[0m  [["key", "environment"], ["LIMIT", 1]]
  [1m[35m (0.1ms)[0m  [1m[35mBEGIN[0m
  [1m[36mActiveRecord::InternalMetadata Create (0.6ms)[0m  [1m[32mINSERT INTO "ar_internal_metadata" ("key", "value", "created_at", "updated_at") VALUES ($1, $2, $3, $4) RETURNING "key"[0m  [["key", "environment"], ["value", "development"], ["created_at", "2020-05-27 23:15:33.639509"], ["updated_at", "2020-05-27 23:15:33.639509"]]
  [1m[35m (40.6ms)[0m  [1m[35mCOMMIT[0m
  [1m[35m (0.2ms)[0m  [1m[34mSELECT pg_advisory_unlock(7118765793557368230)[0m
  [1m[35m (0.6ms)[0m  [1m[34mSELECT "schema_migrations"."version" FROM "schema_migrations" ORDER BY "schema_migrations"."version" ASC[0m
  [1m[35m (0.2ms)[0m  [1m[34mSELECT pg_try_advisory_lock(7118765793557368230)[0m
  [1m[35m (0.6ms)[0m  [1m[34mSELECT "schema_migrations"."version" FROM "schema_migrations" ORDER BY "schema_migrations"."version" ASC[0m
  [1m[36mActiveRecord::InternalMetadata Load (0.4ms)[0m  [1m[34mSELECT "ar_internal_metadata".* FROM "ar_internal_metadata" WHERE "ar_internal_metadata"."key" = $1 LIMIT $2[0m  [["key", "environment"], ["LIMIT", 1]]
  [1m[35m (0.3ms)[0m  [1m[34mSELECT pg_advisory_unlock(7118765793557368230)[0m
  [1m[35m (0.5ms)[0m  [1m[34mSELECT "schema_migrations"."version" FROM "schema_migrations" ORDER BY "schema_migrations"."version" ASC[0m
  [1m[35m (0.2ms)[0m  [1m[34mSELECT pg_try_advisory_lock(7118765793557368230)[0m
  [1m[35m (0.5ms)[0m  [1m[34mSELECT "schema_migrations"."version" FROM "schema_migrations" ORDER BY "schema_migrations"."version" ASC[0m
  [1m[36mActiveRecord::InternalMetadata Load (0.3ms)[0m  [1m[34mSELECT "ar_internal_metadata".* FROM "ar_internal_metadata" WHERE "ar_internal_metadata"."key" = $1 LIMIT $2[0m  [["key", "environment"], ["LIMIT", 1]]
  [1m[35m (0.3ms)[0m  [1m[34mSELECT pg_advisory_unlock(7118765793557368230)[0m
  [1m[35m (0.5ms)[0m  [1m[34mSELECT "schema_migrations"."version" FROM "schema_migrations" ORDER BY "schema_migrations"."version" ASC[0m
  [1m[35m (0.4ms)[0m  [1m[35mCREATE DATABASE "karaoke_stars_app_development" ENCODING = 'unicode'[0m
  [1m[35m (0.4ms)[0m  [1m[35mCREATE DATABASE "karaoke_stars_app_test" ENCODING = 'unicode'[0m
  [1m[35m (0.2ms)[0m  [1m[34mSELECT pg_try_advisory_lock(7118765793557368230)[0m
  [1m[35m (0.5ms)[0m  [1m[34mSELECT "schema_migrations"."version" FROM "schema_migrations" ORDER BY "schema_migrations"."version" ASC[0m
  [1m[36mActiveRecord::InternalMetadata Load (0.4ms)[0m  [1m[34mSELECT "ar_internal_metadata".* FROM "ar_internal_metadata" WHERE "ar_internal_metadata"."key" = $1 LIMIT $2[0m  [["key", "environment"], ["LIMIT", 1]]
  [1m[35m (0.2ms)[0m  [1m[34mSELECT pg_advisory_unlock(7118765793557368230)[0m
  [1m[35m (0.5ms)[0m  [1m[34mSELECT "schema_migrations"."version" FROM "schema_migrations" ORDER BY "schema_migrations"."version" ASC[0m
  [1m[35m (0.6ms)[0m  [1m[34mSELECT "schema_migrations"."version" FROM "schema_migrations" ORDER BY "schema_migrations"."version" ASC[0m
  [1m[35m (0.4ms)[0m  [1m[34mSELECT pg_try_advisory_lock(7118765793557368230)[0m
  [1m[35m (0.5ms)[0m  [1m[34mSELECT "schema_migrations"."version" FROM "schema_migrations" ORDER BY "schema_migrations"."version" ASC[0m
Migrating to AddTitleToSongs (20200527232022)
  [1m[35m (0.2ms)[0m  [1m[35mBEGIN[0m
  [1m[35m (42.9ms)[0m  [1m[35mALTER TABLE "songs" ADD "title" character varying[0m
  [1m[36mprimary::SchemaMigration Create (0.3ms)[0m  [1m[32mINSERT INTO "schema_migrations" ("version") VALUES ($1) RETURNING "version"[0m  [["version", "20200527232022"]]
  [1m[35m (0.7ms)[0m  [1m[35mCOMMIT[0m
  [1m[36mActiveRecord::InternalMetadata Load (0.3ms)[0m  [1m[34mSELECT "ar_internal_metadata".* FROM "ar_internal_metadata" WHERE "ar_internal_metadata"."key" = $1 LIMIT $2[0m  [["key", "environment"], ["LIMIT", 1]]
  [1m[35m (0.3ms)[0m  [1m[34mSELECT pg_advisory_unlock(7118765793557368230)[0m
  [1m[35m (0.5ms)[0m  [1m[34mSELECT "schema_migrations"."version" FROM "schema_migrations" ORDER BY "schema_migrations"."version" ASC[0m
  [1m[35m (0.5ms)[0m  [1m[34mSELECT "schema_migrations"."version" FROM "schema_migrations" ORDER BY "schema_migrations"."version" ASC[0m
  [1m[35m (0.2ms)[0m  [1m[35mBEGIN[0m
  [1m[36mSong Create (5.3ms)[0m  [1m[32mINSERT INTO "songs" ("created_at", "updated_at", "title") VALUES ($1, $2, $3) RETURNING "id"[0m  [["created_at", "2020-05-27 23:22:16.084657"], ["updated_at", "2020-05-27 23:22:16.084657"], ["title", "In case you didn't know"]]
  [1m[35m (40.7ms)[0m  [1m[35mCOMMIT[0m
  [1m[35m (0.1ms)[0m  [1m[35mBEGIN[0m
  [1m[36mSong Create (0.3ms)[0m  [1m[32mINSERT INTO "songs" ("created_at", "updated_at", "title") VALUES ($1, $2, $3) RETURNING "id"[0m  [["created_at", "2020-05-27 23:22:16.141964"], ["updated_at", "2020-05-27 23:22:16.141964"], ["title", "Lady"]]
  [1m[35m (0.5ms)[0m  [1m[35mCOMMIT[0m
  [1m[35m (0.1ms)[0m  [1m[35mBEGIN[0m
  [1m[36mSong Create (0.3ms)[0m  [1m[32mINSERT INTO "songs" ("created_at", "updated_at", "title") VALUES ($1, $2, $3) RETURNING "id"[0m  [["created_at", "2020-05-27 23:22:16.153142"], ["updated_at", "2020-05-27 23:22:16.153142"], ["title", "Don't wanna write this song"]]
  [1m[35m (0.6ms)[0m  [1m[35mCOMMIT[0m
  [1m[36mSong Load (0.5ms)[0m  [1m[34mSELECT "songs".* FROM "songs" LIMIT $1[0m  [["LIMIT", 11]]
Started GET "/" for ::1 at 2020-05-27 19:22:56 -0400
Started GET "/" for ::1 at 2020-05-27 19:22:56 -0400
  [1m[35m (0.6ms)[0m  [1m[34mSELECT "schema_migrations"."version" FROM "schema_migrations" ORDER BY "schema_migrations"."version" ASC[0m
  [1m[35m (104.0ms)[0m  [1m[34mSELECT "schema_migrations"."version" FROM "schema_migrations" ORDER BY "schema_migrations"."version" ASC[0m
Processing by Rails::WelcomeController#index as HTML
Processing by Rails::WelcomeController#index as HTML
  Rendering /Users/randysteele/.rvm/gems/ruby-2.6.1/gems/railties-6.0.3.1/lib/rails/templates/rails/welcome/index.html.erb
  Rendering /Users/randysteele/.rvm/gems/ruby-2.6.1/gems/railties-6.0.3.1/lib/rails/templates/rails/welcome/index.html.erb
  Rendered /Users/randysteele/.rvm/gems/ruby-2.6.1/gems/railties-6.0.3.1/lib/rails/templates/rails/welcome/index.html.erb (Duration: 44.5ms | Allocations: 489)
  Rendered /Users/randysteele/.rvm/gems/ruby-2.6.1/gems/railties-6.0.3.1/lib/rails/templates/rails/welcome/index.html.erb (Duration: 26.8ms | Allocations: 392)
Completed 200 OK in 222ms (Views: 102.3ms | ActiveRecord: 0.0ms | Allocations: 2675)


Completed 200 OK in 223ms (Views: 100.5ms | ActiveRecord: 0.0ms | Allocations: 3003)


Started GET "/api/v1/songs" for ::1 at 2020-05-27 19:23:05 -0400
  
SyntaxError (/Users/randysteele/karaoke_stars_app/karaoke_stars_app/app/controllers/api/v1/songs_controller.rb:34: syntax error, unexpected '}', expecting =>
        render json: {@song.id}
                              ^
/Users/randysteele/karaoke_stars_app/karaoke_stars_app/app/controllers/api/v1/songs_controller.rb:42: syntax error, unexpected end-of-input, expecting end):
  
app/controllers/api/v1/songs_controller.rb:34: syntax error, unexpected '}', expecting =>
app/controllers/api/v1/songs_controller.rb:42: syntax error, unexpected end-of-input, expecting end
app/controllers/api/v1/songs_controller.rb:34: syntax error, unexpected '}', expecting =>
app/controllers/api/v1/songs_controller.rb:42: syntax error, unexpected end-of-input, expecting end
Started GET "/api/v1/songs" for ::1 at 2020-05-27 19:23:37 -0400
Processing by Api::V1::SongsController#index as HTML
  [1m[36mSong Load (0.5ms)[0m  [1m[34mSELECT "songs".* FROM "songs"[0m
  ↳ app/controllers/api/v1/songs_controller.rb:6:in `index'
Completed 200 OK in 49ms (Views: 5.5ms | ActiveRecord: 4.6ms | Allocations: 4511)


